<?xml version="1.0" encoding="UTF-8"?>
<testng-results skipped="0" failed="0" ignored="0" total="1" passed="1">
  <reporter-output>
  </reporter-output>
  <suite name="Default suite" duration-ms="9677" started-at="2021-10-04T10:41:32 CDT" finished-at="2021-10-04T10:41:42 CDT">
    <groups>
    </groups>
    <test name="Default test" duration-ms="9677" started-at="2021-10-04T10:41:32 CDT" finished-at="2021-10-04T10:41:42 CDT">
      <class name="variousConcepts.LearnTestNG">
        <test-method status="PASS" signature="beforeSuite()[pri:0, instance:variousConcepts.LearnTestNG@2c039ac6]" name="beforeSuite" is-config="true" duration-ms="6" started-at="2021-10-04T10:41:32 CDT" finished-at="2021-10-04T10:41:32 CDT">
          <reporter-output>
          </reporter-output>
        </test-method> <!-- beforeSuite -->
        <test-method status="PASS" signature="beforeClass()[pri:0, instance:variousConcepts.LearnTestNG@2c039ac6]" name="beforeClass" is-config="true" duration-ms="0" started-at="2021-10-04T10:41:32 CDT" finished-at="2021-10-04T10:41:32 CDT">
          <reporter-output>
          </reporter-output>
        </test-method> <!-- beforeClass -->
        <test-method status="PASS" signature="readconfig()[pri:0, instance:variousConcepts.LearnTestNG@2c039ac6]" name="readconfig" is-config="true" duration-ms="1" started-at="2021-10-04T10:41:32 CDT" finished-at="2021-10-04T10:41:32 CDT">
          <reporter-output>
          </reporter-output>
        </test-method> <!-- readconfig -->
        <test-method status="PASS" signature="init()[pri:0, instance:variousConcepts.LearnTestNG@2c039ac6]" name="init" is-config="true" duration-ms="7092" started-at="2021-10-04T10:41:32 CDT" finished-at="2021-10-04T10:41:39 CDT">
          <reporter-output>
          </reporter-output>
        </test-method> <!-- init -->
        <test-method status="PASS" signature="loginTest1()[pri:2, instance:variousConcepts.LearnTestNG@2c039ac6]" name="loginTest1" duration-ms="1637" started-at="2021-10-04T10:41:39 CDT" finished-at="2021-10-04T10:41:41 CDT">
          <reporter-output>
          </reporter-output>
        </test-method> <!-- loginTest1 -->
        <test-method status="PASS" signature="tearDown()[pri:0, instance:variousConcepts.LearnTestNG@2c039ac6]" name="tearDown" is-config="true" duration-ms="922" started-at="2021-10-04T10:41:41 CDT" finished-at="2021-10-04T10:41:42 CDT">
          <reporter-output>
          </reporter-output>
        </test-method> <!-- tearDown -->
      </class> <!-- variousConcepts.LearnTestNG -->
    </test> <!-- Default test -->
  </suite> <!-- Default suite -->
</testng-results>
